<?xml version="1.0" encoding="UTF-8"?>
<!-- Generated by org.testng.reporters.JUnitXMLReporter -->
<testsuite ignored="0" hostname="DESKTOP-0DVVPP6" failures="0" tests="3" name="End To End Test" time="93.549" errors="0" timestamp="2024-08-29T11:51:54 IST">
  <testcase classname="qa.testceses.StandAloneTestCases" name="submitIrder" time="20.272"/>
  <testcase classname="qa.testceses.StandAloneTestCases" name="submitIrder" time="24.329"/>
  <testcase classname="qa.testceses.StandAloneTestCases" name="orderHistoryTest" time="0.002"/>
</testsuite> <!-- End To End Test -->
